<?xml version="1.0" encoding="UTF-8"?>
<testng-results skipped="0" failed="0" ignored="0" total="5" passed="5">
  <reporter-output>
  </reporter-output>
  <suite name="Suite" duration-ms="20350" started-at="2021-07-13T05:45:54Z" finished-at="2021-07-13T05:46:14Z">
    <groups>
    </groups>
    <test name="Test" duration-ms="20350" started-at="2021-07-13T05:45:54Z" finished-at="2021-07-13T05:46:14Z">
      <class name="testCases.TC_reqres_API">
        <test-method status="PASS" signature="test_getUsers()[pri:1, instance:testCases.TC_reqres_API@1fc5af1]" name="test_getUsers" duration-ms="16588" started-at="2021-07-13T05:45:54Z" finished-at="2021-07-13T05:46:11Z">
          <reporter-output>
          </reporter-output>
        </test-method> <!-- test_getUsers -->
        <test-method status="PASS" signature="test_addUser()[pri:2, instance:testCases.TC_reqres_API@1fc5af1]" name="test_addUser" duration-ms="2147" started-at="2021-07-13T05:46:11Z" finished-at="2021-07-13T05:46:13Z">
          <reporter-output>
          </reporter-output>
        </test-method> <!-- test_addUser -->
        <test-method status="PASS" signature="test_getUser()[pri:3, instance:testCases.TC_reqres_API@1fc5af1]" name="test_getUser" duration-ms="255" started-at="2021-07-13T05:46:13Z" finished-at="2021-07-13T05:46:13Z">
          <reporter-output>
          </reporter-output>
        </test-method> <!-- test_getUser -->
        <test-method status="PASS" signature="test_UpdateUserDetails()[pri:4, instance:testCases.TC_reqres_API@1fc5af1]" name="test_UpdateUserDetails" duration-ms="507" started-at="2021-07-13T05:46:13Z" finished-at="2021-07-13T05:46:14Z">
          <reporter-output>
          </reporter-output>
        </test-method> <!-- test_UpdateUserDetails -->
        <test-method status="PASS" signature="test_DeleteUser()[pri:5, instance:testCases.TC_reqres_API@1fc5af1]" name="test_DeleteUser" duration-ms="559" started-at="2021-07-13T05:46:14Z" finished-at="2021-07-13T05:46:14Z">
          <reporter-output>
          </reporter-output>
        </test-method> <!-- test_DeleteUser -->
      </class> <!-- testCases.TC_reqres_API -->
    </test> <!-- Test -->
  </suite> <!-- Suite -->
</testng-results>
